<?xml version="1.0" encoding="UTF-8"?>
<!-- Generated by org.testng.reporters.JUnitReportReporter -->
<testsuite hostname="DESKTOP-8BJT97E" failures="0" tests="1" name="tests.SaurceDemoE2ESeleniumTest" time="7.623" errors="0" timestamp="2025-03-27T17:24:18 CET" skipped="0">
  <testcase classname="tests.SaurceDemoE2ESeleniumTest" name="checkThatTotalPriceIsCorrect" time="7.623"/>
  <system-out/>
</testsuite> <!-- tests.SaurceDemoE2ESeleniumTest -->
