<?xml version="1.0" encoding="UTF-8"?>
<!-- Generated by org.testng.reporters.JUnitReportReporter -->
<testsuite hostname="DESKTOP-8BJT97E" failures="0" tests="1" name="tests.SeleniumSaurceDemoHappyPathTestNG" time="7.139" errors="0" timestamp="2025-03-26T13:12:26 CET" skipped="0">
  <testcase classname="tests.SeleniumSaurceDemoHappyPathTestNG" name="testThatTotalPriceIsCorrect" time="7.139"/>
  <system-out/>
</testsuite> <!-- tests.SeleniumSaurceDemoHappyPathTestNG -->
