<?xml version="1.0" encoding="UTF-8"?>
<!-- Generated by org.testng.reporters.JUnitReportReporter -->
<testsuite hostname="DESKTOP-8BJT97E" failures="0" tests="1" name="tests.SaurceDemoE2ESeleniumTestNG" time="6.251" errors="0" timestamp="2025-03-27T15:37:35 CET" skipped="0">
  <testcase classname="tests.SaurceDemoE2ESeleniumTestNG" name="testThatTotalPriceIsCorrect" time="6.251"/>
  <system-out/>
</testsuite> <!-- tests.SaurceDemoE2ESeleniumTestNG -->
