<?xml version="1.0" encoding="UTF-8"?>
<!-- Generated by org.testng.reporters.JUnitReportReporter -->
<testsuite hostname="DESKTOP-8BJT97E" failures="0" tests="1" name="tests.SeleniumSaurceDemoHappyPathTestNG" time="5.393" errors="0" timestamp="2025-03-26T10:35:20 CET" skipped="0">
  <testcase classname="tests.SeleniumSaurceDemoHappyPathTestNG" name="start" time="5.393"/>
  <system-out/>
</testsuite> <!-- tests.SeleniumSaurceDemoHappyPathTestNG -->
