<?xml version="1.0" encoding="UTF-8"?>
<!-- Generated by org.testng.reporters.JUnitReportReporter -->
<testsuite hostname="DESKTOP-8BJT97E" failures="0" tests="1" name="tests.SeleniumSaurceDemoHappyPathTestNG" time="6.382" errors="0" timestamp="2025-03-26T12:46:04 CET" skipped="0">
  <testcase classname="tests.SeleniumSaurceDemoHappyPathTestNG" name="start" time="6.382"/>
  <system-out/>
</testsuite> <!-- tests.SeleniumSaurceDemoHappyPathTestNG -->
